# JRE version: Java(TM) SE Runtime Environment (8.0_101-b13) (build 1.8.0_101-b13)
# Java VM: Java HotSpot(TM) 64-Bit Server VM (25.101-b13 mixed mode windows-amd64 compressed oops)
Heap:
 PSYoungGen      total 115200K, used 35857K [0x00000000f5580000, 0x00000000ff880000, 0x0000000100000000)
  eden space 61440K, 41% used [0x00000000f5580000,0x00000000f6e21d10,0x00000000f9180000)
  from space 53760K, 19% used [0x00000000f9180000,0x00000000f9be2a30,0x00000000fc600000)
  to   space 51200K, 0% used [0x00000000fc680000,0x00000000fc680000,0x00000000ff880000)
 ParOldGen       total 171008K, used 99578K [0x00000000e0000000, 0x00000000ea700000, 0x00000000f5580000)
  object space 171008K, 58% used [0x00000000e0000000,0x00000000e613e948,0x00000000ea700000)
 Metaspace       used 85361K, capacity 94876K, committed 95256K, reserved 1132544K
  class space    used 10190K, capacity 12961K, committed 13080K, reserved 1048576K
GC Heap History (10 events):
Event: 70.775 GC heap before
{Heap before GC invocations=33 (full 6):
 PSYoungGen      total 116736K, used 61666K [0x00000000f5580000, 0x0000000100000000, 0x0000000100000000)
  eden space 58880K, 99% used [0x00000000f5580000,0x00000000f8eea400,0x00000000f8f00000)
  from space 57856K, 4% used [0x00000000fc780000,0x00000000fca4e5d0,0x0000000100000000)
  to   space 57856K, 0% used [0x00000000f8f00000,0x00000000f8f00000,0x00000000fc780000)
 ParOldGen       total 171008K, used 88503K [0x00000000e0000000, 0x00000000ea700000, 0x00000000f5580000)
  object space 171008K, 51% used [0x00000000e0000000,0x00000000e566df90,0x00000000ea700000)
 Metaspace       used 84617K, capacity 94390K, committed 94616K, reserved 1130496K
  class space    used 10168K, capacity 12928K, committed 12952K, reserved 1048576K
Event: 70.788 GC heap after
Heap after GC invocations=33 (full 6):
 PSYoungGen      total 116736K, used 4123K [0x00000000f5580000, 0x0000000100000000, 0x0000000100000000)
  eden space 58880K, 0% used [0x00000000f5580000,0x00000000f5580000,0x00000000f8f00000)
  from space 57856K, 7% used [0x00000000f8f00000,0x00000000f9306c78,0x00000000fc780000)
  to   space 57856K, 0% used [0x00000000fc780000,0x00000000fc780000,0x0000000100000000)
 ParOldGen       total 171008K, used 90964K [0x00000000e0000000, 0x00000000ea700000, 0x00000000f5580000)
  object space 171008K, 53% used [0x00000000e0000000,0x00000000e58d5070,0x00000000ea700000)
 Metaspace       used 84617K, capacity 94390K, committed 94616K, reserved 1130496K
  class space    used 10168K, capacity 12928K, committed 12952K, reserved 1048576K
}
Event: 71.166 GC heap before
{Heap before GC invocations=34 (full 6):
 PSYoungGen      total 116736K, used 63003K [0x00000000f5580000, 0x0000000100000000, 0x0000000100000000)
  eden space 58880K, 100% used [0x00000000f5580000,0x00000000f8f00000,0x00000000f8f00000)
  from space 57856K, 7% used [0x00000000f8f00000,0x00000000f9306c78,0x00000000fc780000)
  to   space 57856K, 0% used [0x00000000fc780000,0x00000000fc780000,0x0000000100000000)
 ParOldGen       total 171008K, used 90964K [0x00000000e0000000, 0x00000000ea700000, 0x00000000f5580000)
  object space 171008K, 53% used [0x00000000e0000000,0x00000000e58d5070,0x00000000ea700000)
 Metaspace       used 84777K, capacity 94454K, committed 94616K, reserved 1130496K
  class space    used 10168K, capacity 12928K, committed 12952K, reserved 1048576K
Event: 71.187 GC heap after
Heap after GC invocations=34 (full 6):
 PSYoungGen      total 116736K, used 4739K [0x00000000f5580000, 0x0000000100000000, 0x0000000100000000)
  eden space 58880K, 0% used [0x00000000f5580000,0x00000000f5580000,0x00000000f8f00000)
  from space 57856K, 8% used [0x00000000fc780000,0x00000000fcc20f90,0x0000000100000000)
  to   space 57856K, 0% used [0x00000000f8f00000,0x00000000f8f00000,0x00000000fc780000)
 ParOldGen       total 171008K, used 94888K [0x00000000e0000000, 0x00000000ea700000, 0x00000000f5580000)
  object space 171008K, 55% used [0x00000000e0000000,0x00000000e5caa188,0x00000000ea700000)
 Metaspace       used 84777K, capacity 94454K, committed 94616K, reserved 1130496K
  class space    used 10168K, capacity 12928K, committed 12952K, reserved 1048576K
}
Event: 72.427 GC heap before
{Heap before GC invocations=35 (full 6):
 PSYoungGen      total 116736K, used 63619K [0x00000000f5580000, 0x0000000100000000, 0x0000000100000000)
  eden space 58880K, 100% used [0x00000000f5580000,0x00000000f8f00000,0x00000000f8f00000)
  from space 57856K, 8% used [0x00000000fc780000,0x00000000fcc20f90,0x0000000100000000)
  to   space 57856K, 0% used [0x00000000f8f00000,0x00000000f8f00000,0x00000000fc780000)
 ParOldGen       total 171008K, used 94888K [0x00000000e0000000, 0x00000000ea700000, 0x00000000f5580000)
  object space 171008K, 55% used [0x00000000e0000000,0x00000000e5caa188,0x00000000ea700000)
 Metaspace       used 85063K, capacity 94742K, committed 95000K, reserved 1130496K
  class space    used 10186K, capacity 12960K, committed 13080K, reserved 1048576K
Event: 72.442 GC heap after
Heap after GC invocations=35 (full 6):
 PSYoungGen      total 63488K, used 4324K [0x00000000f5580000, 0x00000000ffd00000, 0x0000000100000000)
  eden space 58880K, 0% used [0x00000000f5580000,0x00000000f5580000,0x00000000f8f00000)
  from space 4608K, 93% used [0x00000000f8f00000,0x00000000f9339140,0x00000000f9380000)
  to   space 56320K, 0% used [0x00000000fc600000,0x00000000fc600000,0x00000000ffd00000)
 ParOldGen       total 171008K, used 99562K [0x00000000e0000000, 0x00000000ea700000, 0x00000000f5580000)
  object space 171008K, 58% used [0x00000000e0000000,0x00000000e613a948,0x00000000ea700000)
 Metaspace       used 85063K, capacity 94742K, committed 95000K, reserved 1130496K
  class space    used 10186K, capacity 12960K, committed 13080K, reserved 1048576K
}
Event: 73.169 GC heap before
{Heap before GC invocations=36 (full 6):
 PSYoungGen      total 63488K, used 63204K [0x00000000f5580000, 0x00000000ffd00000, 0x0000000100000000)
  eden space 58880K, 100% used [0x00000000f5580000,0x00000000f8f00000,0x00000000f8f00000)
  from space 4608K, 93% used [0x00000000f8f00000,0x00000000f9339140,0x00000000f9380000)
  to   space 56320K, 0% used [0x00000000fc600000,0x00000000fc600000,0x00000000ffd00000)
 ParOldGen       total 171008K, used 99562K [0x00000000e0000000, 0x00000000ea700000, 0x00000000f5580000)
  object space 171008K, 58% used [0x00000000e0000000,0x00000000e613a948,0x00000000ea700000)
 Metaspace       used 85159K, capacity 94876K, committed 95256K, reserved 1132544K
  class space    used 10190K, capacity 12961K, committed 13080K, reserved 1048576K
Event: 73.183 GC heap after
Heap after GC invocations=36 (full 6):
 PSYoungGen      total 117760K, used 8600K [0x00000000f5580000, 0x00000000ffe80000, 0x0000000100000000)
  eden space 61440K, 0% used [0x00000000f5580000,0x00000000f5580000,0x00000000f9180000)
  from space 56320K, 15% used [0x00000000fc600000,0x00000000fce66220,0x00000000ffd00000)
  to   space 53760K, 0% used [0x00000000f9180000,0x00000000f9180000,0x00000000fc600000)
 ParOldGen       total 171008K, used 99570K [0x00000000e0000000, 0x00000000ea700000, 0x00000000f5580000)
  object space 171008K, 58% used [0x00000000e0000000,0x00000000e613c948,0x00000000ea700000)
 Metaspace       used 85159K, capacity 94876K, committed 95256K, reserved 1132544K
  class space    used 10190K, capacity 12961K, committed 13080K, reserved 1048576K
}
Event: 73.761 GC heap before
{Heap before GC invocations=37 (full 6):
 PSYoungGen      total 117760K, used 70040K [0x00000000f5580000, 0x00000000ffe80000, 0x0000000100000000)
  eden space 61440K, 100% used [0x00000000f5580000,0x00000000f9180000,0x00000000f9180000)
  from space 56320K, 15% used [0x00000000fc600000,0x00000000fce66220,0x00000000ffd00000)
  to   space 53760K, 0% used [0x00000000f9180000,0x00000000f9180000,0x00000000fc600000)
 ParOldGen       total 171008K, used 99570K [0x00000000e0000000, 0x00000000ea700000, 0x00000000f5580000)
  object space 171008K, 58% used [0x00000000e0000000,0x00000000e613c948,0x00000000ea700000)
 Metaspace       used 85291K, capacity 94876K, committed 95256K, reserved 1132544K
  class space    used 10190K, capacity 12961K, committed 13080K, reserved 1048576K
Event: 73.780 GC heap after
Heap after GC invocations=37 (full 6):
 PSYoungGen      total 115200K, used 10634K [0x00000000f5580000, 0x00000000ff880000, 0x0000000100000000)
  eden space 61440K, 0% used [0x00000000f5580000,0x00000000f5580000,0x00000000f9180000)
  from space 53760K, 19% used [0x00000000f9180000,0x00000000f9be2a30,0x00000000fc600000)
  to   space 51200K, 0% used [0x00000000fc680000,0x00000000fc680000,0x00000000ff880000)
 ParOldGen       total 171008K, used 99578K [0x00000000e0000000, 0x00000000ea700000, 0x00000000f5580000)
  object space 171008K, 58% used [0x00000000e0000000,0x00000000e613e948,0x00000000ea700000)
 Metaspace       used 85291K, capacity 94876K, committed 95256K, reserved 1132544K
  class space    used 10190K, capacity 12961K, committed 13080K, reserved 1048576K
}

