# JRE version: Java(TM) SE Runtime Environment (8.0_101-b13) (build 1.8.0_101-b13)
# Java VM: Java HotSpot(TM) 64-Bit Server VM (25.101-b13 mixed mode windows-amd64 compressed oops)
Heap:
 PSYoungGen      total 99328K, used 39520K [0x00000000f5580000, 0x0000000100000000, 0x0000000100000000)
  eden space 67072K, 11% used [0x00000000f5580000,0x00000000f5cf1bb8,0x00000000f9700000)
  from space 32256K, 98% used [0x00000000f9700000,0x00000000fb626800,0x00000000fb680000)
  to   space 54272K, 0% used [0x00000000fcb00000,0x00000000fcb00000,0x0000000100000000)
 ParOldGen       total 181760K, used 132007K [0x00000000e0000000, 0x00000000eb180000, 0x00000000f5580000)
  object space 181760K, 72% used [0x00000000e0000000,0x00000000e80e9c10,0x00000000eb180000)
 Metaspace       used 90053K, capacity 99836K, committed 100116K, reserved 1136640K
  class space    used 10739K, capacity 13620K, committed 13628K, reserved 1048576K
GC Heap History (10 events):
Event: 88.432 GC heap before
{Heap before GC invocations=37 (full 6):
 PSYoungGen      total 147456K, used 27122K [0x00000000f5580000, 0x0000000100000000, 0x0000000100000000)
  eden space 120320K, 0% used [0x00000000f5580000,0x00000000f5580000,0x00000000fcb00000)
  from space 27136K, 99% used [0x00000000fcb00000,0x00000000fe57c880,0x00000000fe580000)
  to   space 27136K, 0% used [0x00000000fe580000,0x00000000fe580000,0x0000000100000000)
 ParOldGen       total 123904K, used 123488K [0x00000000e0000000, 0x00000000e7900000, 0x00000000f5580000)
  object space 123904K, 99% used [0x00000000e0000000,0x00000000e7898208,0x00000000e7900000)
 Metaspace       used 84792K, capacity 94606K, committed 94740K, reserved 1130496K
  class space    used 9944K, capacity 12779K, committed 12860K, reserved 1048576K
Event: 89.078 GC heap after
Heap after GC invocations=37 (full 6):
 PSYoungGen      total 147456K, used 17405K [0x00000000f5580000, 0x0000000100000000, 0x0000000100000000)
  eden space 120320K, 0% used [0x00000000f5580000,0x00000000f5580000,0x00000000fcb00000)
  from space 27136K, 64% used [0x00000000fcb00000,0x00000000fdbff780,0x00000000fe580000)
  to   space 27136K, 0% used [0x00000000fe580000,0x00000000fe580000,0x0000000100000000)
 ParOldGen       total 181760K, used 123455K [0x00000000e0000000, 0x00000000eb180000, 0x00000000f5580000)
  object space 181760K, 67% used [0x00000000e0000000,0x00000000e788fc98,0x00000000eb180000)
 Metaspace       used 84792K, capacity 94606K, committed 94740K, reserved 1130496K
  class space    used 9944K, capacity 12779K, committed 12860K, reserved 1048576K
}
Event: 91.156 GC heap before
{Heap before GC invocations=38 (full 6):
 PSYoungGen      total 147456K, used 137725K [0x00000000f5580000, 0x0000000100000000, 0x0000000100000000)
  eden space 120320K, 100% used [0x00000000f5580000,0x00000000fcb00000,0x00000000fcb00000)
  from space 27136K, 64% used [0x00000000fcb00000,0x00000000fdbff780,0x00000000fe580000)
  to   space 27136K, 0% used [0x00000000fe580000,0x00000000fe580000,0x0000000100000000)
 ParOldGen       total 181760K, used 123455K [0x00000000e0000000, 0x00000000eb180000, 0x00000000f5580000)
  object space 181760K, 67% used [0x00000000e0000000,0x00000000e788fc98,0x00000000eb180000)
 Metaspace       used 87571K, capacity 97358K, committed 97428K, reserved 1134592K
  class space    used 10375K, capacity 13227K, committed 13244K, reserved 1048576K
Event: 91.251 GC heap after
Heap after GC invocations=38 (full 6):
 PSYoungGen      total 99328K, used 27104K [0x00000000f5580000, 0x0000000100000000, 0x0000000100000000)
  eden space 72192K, 0% used [0x00000000f5580000,0x00000000f5580000,0x00000000f9c00000)
  from space 27136K, 99% used [0x00000000fe580000,0x00000000ffff83d0,0x0000000100000000)
  to   space 51200K, 0% used [0x00000000f9c00000,0x00000000f9c00000,0x00000000fce00000)
 ParOldGen       total 181760K, used 131277K [0x00000000e0000000, 0x00000000eb180000, 0x00000000f5580000)
  object space 181760K, 72% used [0x00000000e0000000,0x00000000e8033538,0x00000000eb180000)
 Metaspace       used 87571K, capacity 97358K, committed 97428K, reserved 1134592K
  class space    used 10375K, capacity 13227K, committed 13244K, reserved 1048576K
}
Event: 132.059 GC heap before
{Heap before GC invocations=39 (full 6):
 PSYoungGen      total 99328K, used 99296K [0x00000000f5580000, 0x0000000100000000, 0x0000000100000000)
  eden space 72192K, 100% used [0x00000000f5580000,0x00000000f9c00000,0x00000000f9c00000)
  from space 27136K, 99% used [0x00000000fe580000,0x00000000ffff83d0,0x0000000100000000)
  to   space 51200K, 0% used [0x00000000f9c00000,0x00000000f9c00000,0x00000000fce00000)
 ParOldGen       total 181760K, used 131277K [0x00000000e0000000, 0x00000000eb180000, 0x00000000f5580000)
  object space 181760K, 72% used [0x00000000e0000000,0x00000000e8033538,0x00000000eb180000)
 Metaspace       used 89562K, capacity 99484K, committed 99604K, reserved 1134592K
  class space    used 10710K, capacity 13588K, committed 13628K, reserved 1048576K
Event: 132.097 GC heap after
Heap after GC invocations=39 (full 6):
 PSYoungGen      total 103936K, used 31658K [0x00000000f5580000, 0x0000000100000000, 0x0000000100000000)
  eden space 72192K, 0% used [0x00000000f5580000,0x00000000f5580000,0x00000000f9c00000)
  from space 31744K, 99% used [0x00000000f9c00000,0x00000000fbaea880,0x00000000fbb00000)
  to   space 52736K, 0% used [0x00000000fcc80000,0x00000000fcc80000,0x0000000100000000)
 ParOldGen       total 181760K, used 131999K [0x00000000e0000000, 0x00000000eb180000, 0x00000000f5580000)
  object space 181760K, 72% used [0x00000000e0000000,0x00000000e80e7c10,0x00000000eb180000)
 Metaspace       used 89562K, capacity 99484K, committed 99604K, reserved 1134592K
  class space    used 10710K, capacity 13588K, committed 13628K, reserved 1048576K
}
Event: 165.442 GC heap before
{Heap before GC invocations=40 (full 6):
 PSYoungGen      total 103936K, used 103850K [0x00000000f5580000, 0x0000000100000000, 0x0000000100000000)
  eden space 72192K, 100% used [0x00000000f5580000,0x00000000f9c00000,0x00000000f9c00000)
  from space 31744K, 99% used [0x00000000f9c00000,0x00000000fbaea880,0x00000000fbb00000)
  to   space 52736K, 0% used [0x00000000fcc80000,0x00000000fcc80000,0x0000000100000000)
 ParOldGen       total 181760K, used 131999K [0x00000000e0000000, 0x00000000eb180000, 0x00000000f5580000)
  object space 181760K, 72% used [0x00000000e0000000,0x00000000e80e7c10,0x00000000eb180000)
 Metaspace       used 89726K, capacity 99612K, committed 99860K, reserved 1136640K
  class space    used 10716K, capacity 13588K, committed 13628K, reserved 1048576K
Event: 165.487 GC heap after
Heap after GC invocations=40 (full 6):
 PSYoungGen      total 119808K, used 31946K [0x00000000f5580000, 0x0000000100000000, 0x0000000100000000)
  eden space 67072K, 0% used [0x00000000f5580000,0x00000000f5580000,0x00000000f9700000)
  from space 52736K, 60% used [0x00000000fcc80000,0x00000000febb2b58,0x0000000100000000)
  to   space 53760K, 0% used [0x00000000f9700000,0x00000000f9700000,0x00000000fcb80000)
 ParOldGen       total 181760K, used 132007K [0x00000000e0000000, 0x00000000eb180000, 0x00000000f5580000)
  object space 181760K, 72% used [0x00000000e0000000,0x00000000e80e9c10,0x00000000eb180000)
 Metaspace       used 89726K, capacity 99612K, committed 99860K, reserved 1136640K
  class space    used 10716K, capacity 13588K, committed 13628K, reserved 1048576K
}
Event: 194.204 GC heap before
{Heap before GC invocations=41 (full 6):
 PSYoungGen      total 119808K, used 99018K [0x00000000f5580000, 0x0000000100000000, 0x0000000100000000)
  eden space 67072K, 100% used [0x00000000f5580000,0x00000000f9700000,0x00000000f9700000)
  from space 52736K, 60% used [0x00000000fcc80000,0x00000000febb2b58,0x0000000100000000)
  to   space 53760K, 0% used [0x00000000f9700000,0x00000000f9700000,0x00000000fcb80000)
 ParOldGen       total 181760K, used 132007K [0x00000000e0000000, 0x00000000eb180000, 0x00000000f5580000)
  object space 181760K, 72% used [0x00000000e0000000,0x00000000e80e9c10,0x00000000eb180000)
 Metaspace       used 90051K, capacity 99836K, committed 100116K, reserved 1136640K
  class space    used 10739K, capacity 13620K, committed 13628K, reserved 1048576K
Event: 194.244 GC heap after
Heap after GC invocations=41 (full 6):
 PSYoungGen      total 99328K, used 31898K [0x00000000f5580000, 0x0000000100000000, 0x0000000100000000)
  eden space 67072K, 0% used [0x00000000f5580000,0x00000000f5580000,0x00000000f9700000)
  from space 32256K, 98% used [0x00000000f9700000,0x00000000fb626800,0x00000000fb680000)
  to   space 54272K, 0% used [0x00000000fcb00000,0x00000000fcb00000,0x0000000100000000)
 ParOldGen       total 181760K, used 132007K [0x00000000e0000000, 0x00000000eb180000, 0x00000000f5580000)
  object space 181760K, 72% used [0x00000000e0000000,0x00000000e80e9c10,0x00000000eb180000)
 Metaspace       used 90051K, capacity 99836K, committed 100116K, reserved 1136640K
  class space    used 10739K, capacity 13620K, committed 13628K, reserved 1048576K
}

